 Container prism2-test-db-1  Running
[entrypoint] RUN_MIGRATIONS=0: skipping migrations
........................................................................ [ 81%]
................                                                         [100%]

---------- coverage: platform linux, python 3.12.12-final-0 ----------
Name              Stmts   Miss  Cover   Missing
-----------------------------------------------
app/__init__.py       0      0   100%
app/analysis.py     451     38    92%   43-44, 49, 52-53, 104, 179, 186, 195, 222-239, 286, 595, 617, 622-625, 652, 755, 761, 770, 852-854, 869-870, 937, 1065, 1077
app/db.py             8      0   100%
app/keywords.py       1      0   100%
app/llm.py          117     15    87%   26, 28, 146-148, 157-158, 174, 178-179, 184, 193, 195-198
app/main.py         294     25    91%   116-118, 179, 182-185, 206, 299-300, 385-386, 413-416, 542-543, 652-653, 688-691
app/models.py        16      0   100%
-----------------------------------------------
TOTAL               887     78    91%

Required test coverage of 80% reached. Total coverage: 91.21%
88 passed in 2.73s
